C:\USERS\INEWMARCH\DROPBOX\INB304 - SPECIAL TOPIC 3\ASSIGNMENT\MIZAR_TEST\VC10\DEBUG\ATTACK.OBJ
C:\Users\inewmarch\Dropbox\INB304 - Special Topic 3\Assignment\Mizar_Test\vc10\Debug\cl.command.1.tlog
C:\Users\inewmarch\Dropbox\INB304 - Special Topic 3\Assignment\Mizar_Test\vc10\Debug\CL.read.1.tlog
C:\Users\inewmarch\Dropbox\INB304 - Special Topic 3\Assignment\Mizar_Test\vc10\Debug\CL.write.1.tlog
C:\USERS\INEWMARCH\DROPBOX\INB304 - SPECIAL TOPIC 3\ASSIGNMENT\MIZAR_TEST\VC10\DEBUG\DATA.OBJ
C:\USERS\INEWMARCH\DROPBOX\INB304 - SPECIAL TOPIC 3\ASSIGNMENT\MIZAR_TEST\VC10\DEBUG\EVAL.OBJ
C:\USERS\INEWMARCH\DROPBOX\INB304 - SPECIAL TOPIC 3\ASSIGNMENT\MIZAR_TEST\VC10\DEBUG\FEN.OBJ
C:\USERS\INEWMARCH\DROPBOX\INB304 - SPECIAL TOPIC 3\ASSIGNMENT\MIZAR_TEST\VC10\DEBUG\HEURISTIC.OBJ
C:\USERS\INEWMARCH\DROPBOX\INB304 - SPECIAL TOPIC 3\ASSIGNMENT\MIZAR_TEST\VC10\DEBUG\INIT.OBJ
C:\USERS\INEWMARCH\DROPBOX\INB304 - SPECIAL TOPIC 3\ASSIGNMENT\MIZAR_TEST\VC10\DEBUG\ITERATE.OBJ
C:\Users\inewmarch\Dropbox\INB304 - Special Topic 3\Assignment\Mizar_Test\vc10\Debug\link.command.1.tlog
C:\Users\inewmarch\Dropbox\INB304 - Special Topic 3\Assignment\Mizar_Test\vc10\Debug\link.read.1.tlog
C:\Users\inewmarch\Dropbox\INB304 - Special Topic 3\Assignment\Mizar_Test\vc10\Debug\link.write.1.tlog
C:\Users\inewmarch\Dropbox\INB304 - Special Topic 3\Assignment\Mizar_Test\vc10\Debug\link-cvtres.read.1.tlog
C:\Users\inewmarch\Dropbox\INB304 - Special Topic 3\Assignment\Mizar_Test\vc10\Debug\link-cvtres.write.1.tlog
C:\USERS\INEWMARCH\DROPBOX\INB304 - SPECIAL TOPIC 3\ASSIGNMENT\MIZAR_TEST\VC10\DEBUG\MAIN.OBJ
C:\USERS\INEWMARCH\DROPBOX\INB304 - SPECIAL TOPIC 3\ASSIGNMENT\MIZAR_TEST\VC10\DEBUG\MAKE.OBJ
C:\Users\inewmarch\Dropbox\INB304 - Special Topic 3\Assignment\Mizar_Test\vc10\Debug\Mizar.exe.embed.manifest
C:\USERS\INEWMARCH\DROPBOX\INB304 - SPECIAL TOPIC 3\ASSIGNMENT\MIZAR_TEST\VC10\DEBUG\MIZAR.EXE.EMBED.MANIFEST.RES
C:\Users\inewmarch\Dropbox\INB304 - Special Topic 3\Assignment\Mizar_Test\vc10\Debug\Mizar.exe.intermediate.manifest
C:\Users\inewmarch\Dropbox\INB304 - Special Topic 3\Assignment\Mizar_Test\vc10\Debug\Mizar.pdb
C:\Users\inewmarch\Dropbox\INB304 - Special Topic 3\Assignment\Mizar_Test\vc10\Debug\Mizar_manifest.rc
C:\USERS\INEWMARCH\DROPBOX\INB304 - SPECIAL TOPIC 3\ASSIGNMENT\MIZAR_TEST\VC10\DEBUG\MOVEGEN.OBJ
C:\USERS\INEWMARCH\DROPBOX\INB304 - SPECIAL TOPIC 3\ASSIGNMENT\MIZAR_TEST\VC10\DEBUG\OPTION.OBJ
C:\USERS\INEWMARCH\DROPBOX\INB304 - SPECIAL TOPIC 3\ASSIGNMENT\MIZAR_TEST\VC10\DEBUG\PRUNING.OBJ
C:\USERS\INEWMARCH\DROPBOX\INB304 - SPECIAL TOPIC 3\ASSIGNMENT\MIZAR_TEST\VC10\DEBUG\QUIESCE.OBJ
C:\USERS\INEWMARCH\DROPBOX\INB304 - SPECIAL TOPIC 3\ASSIGNMENT\MIZAR_TEST\VC10\DEBUG\RAY.OBJ
C:\Users\inewmarch\Dropbox\INB304 - Special Topic 3\Assignment\Mizar_Test\vc10\Debug\rc.command.1.tlog
C:\Users\inewmarch\Dropbox\INB304 - Special Topic 3\Assignment\Mizar_Test\vc10\Debug\rc.read.1.tlog
C:\Users\inewmarch\Dropbox\INB304 - Special Topic 3\Assignment\Mizar_Test\vc10\Debug\rc.write.1.tlog
C:\USERS\INEWMARCH\DROPBOX\INB304 - SPECIAL TOPIC 3\ASSIGNMENT\MIZAR_TEST\VC10\DEBUG\ROOT.OBJ
C:\USERS\INEWMARCH\DROPBOX\INB304 - SPECIAL TOPIC 3\ASSIGNMENT\MIZAR_TEST\VC10\DEBUG\SEARCH.OBJ
C:\USERS\INEWMARCH\DROPBOX\INB304 - SPECIAL TOPIC 3\ASSIGNMENT\MIZAR_TEST\VC10\DEBUG\SORT.OBJ
C:\USERS\INEWMARCH\DROPBOX\INB304 - SPECIAL TOPIC 3\ASSIGNMENT\MIZAR_TEST\VC10\DEBUG\TESTING.OBJ
C:\USERS\INEWMARCH\DROPBOX\INB304 - SPECIAL TOPIC 3\ASSIGNMENT\MIZAR_TEST\VC10\DEBUG\TRANSPOSITION.OBJ
C:\USERS\INEWMARCH\DROPBOX\INB304 - SPECIAL TOPIC 3\ASSIGNMENT\MIZAR_TEST\VC10\DEBUG\UTILITY.OBJ
C:\Users\inewmarch\Dropbox\INB304 - Special Topic 3\Assignment\Mizar_Test\vc10\Debug\vc100.idb
C:\USERS\INEWMARCH\DROPBOX\INB304 - SPECIAL TOPIC 3\ASSIGNMENT\MIZAR_TEST\VC10\DEBUG\VC100.PDB
C:\USERS\INEWMARCH\DROPBOX\INB304 - SPECIAL TOPIC 3\ASSIGNMENT\MIZAR_TEST\VC10\DEBUG\XBOARD.OBJ
C:\USERS\INEWMARCH\DROPBOX\INB304 - SPECIAL TOPIC 3\ASSIGNMENT\MIZAR_TEST\VC10\DEBUG\ZOBRIST.OBJ
