  zobrist.c
  xboard.c
  utility.c
e:\dropbox\inb304 - special topic 3\assignment\mizar_test\src\utility.c(522): warning C4018: '<' : signed/unsigned mismatch
  transposition.c
  testing.c
  sort.c
e:\dropbox\inb304 - special topic 3\assignment\mizar_test\src\sort.c(620): warning C4018: '<' : signed/unsigned mismatch
e:\dropbox\inb304 - special topic 3\assignment\mizar_test\src\sort.c(647): warning C4018: '<' : signed/unsigned mismatch
e:\dropbox\inb304 - special topic 3\assignment\mizar_test\src\sort.c(675): warning C4018: '<' : signed/unsigned mismatch
  search.c
  root.c
e:\dropbox\inb304 - special topic 3\assignment\mizar_test\src\root.c(98): warning C4018: '<' : signed/unsigned mismatch
  ray.c
  quiesce.c
e:\dropbox\inb304 - special topic 3\assignment\mizar_test\src\quiesce.c(90): warning C4018: '<' : signed/unsigned mismatch
e:\dropbox\inb304 - special topic 3\assignment\mizar_test\src\quiesce.c(106): warning C4018: '<' : signed/unsigned mismatch
  pruning.c
  option.c
  movegen.c
  make.c
  main.c
  iterate.c
  init.c
e:\dropbox\inb304 - special topic 3\assignment\mizar_test\src\init.c(30): warning C4018: '<' : signed/unsigned mismatch
  heuristic.c
  fen.c
  eval.c
  Generating Code...
  Compiling...
  data.c
  attack.c
  Generating Code...
  Mizar.vcxproj -> E:\Dropbox\INB304 - Special Topic 3\Assignment\Mizar_Test\vc10\Debug\Mizar.exe
